0 info it worked if it ends with ok
1 verbose cli [ '/usr/local/bin/iojs',
1 verbose cli   '/usr/local/bin/npm',
1 verbose cli   'publish',
1 verbose cli   '--force' ]
2 info using npm@2.7.1
3 info using node@v1.6.2
4 warn using --force I sure hope you know what you are doing.
5 verbose publish [ '.' ]
6 silly cache add args [ '.', null ]
7 verbose cache add spec .
8 silly cache add parsed spec { raw: '.',
8 silly cache add   scope: null,
8 silly cache add   name: null,
8 silly cache add   rawSpec: '.',
8 silly cache add   spec: '/Users/wes/Projects/MusicMap/modules/random-token-generator',
8 silly cache add   type: 'directory' }
9 verbose addLocalDirectory /Users/wes/.npm/random-token-generator/1.0.0/package.tgz not in flight; packing
10 verbose tar pack [ '/Users/wes/.npm/random-token-generator/1.0.0/package.tgz',
10 verbose tar pack   '/Users/wes/Projects/MusicMap/modules/random-token-generator' ]
11 verbose tarball /Users/wes/.npm/random-token-generator/1.0.0/package.tgz
12 verbose folder /Users/wes/Projects/MusicMap/modules/random-token-generator
13 info prepublish random-token-generator@1.0.0
14 verbose addLocalTarball adding from inside cache /Users/wes/.npm/random-token-generator/1.0.0/package.tgz
15 silly cache afterAdd random-token-generator@1.0.0
16 verbose afterAdd /Users/wes/.npm/random-token-generator/1.0.0/package/package.json not in flight; writing
17 verbose afterAdd /Users/wes/.npm/random-token-generator/1.0.0/package/package.json written
18 silly publish { name: 'random-token-generator',
18 silly publish   version: '1.0.0',
18 silly publish   description: 'Generate random strong or weak random keys',
18 silly publish   main: 'index.js',
18 silly publish   scripts: { test: './node_modules/mocha/bin/mocha' },
18 silly publish   repository:
18 silly publish    { type: 'git',
18 silly publish      url: 'https://github.com/MusicMapIo/random-token-generator.git' },
18 silly publish   keywords: [ 'random', 'string', 'token', 'crypto' ],
18 silly publish   author: { name: 'MusicMap' },
18 silly publish   license: 'ISC',
18 silly publish   bugs: { url: 'https://github.com/MusicMapIo/random-token-generator/issues' },
18 silly publish   homepage: 'https://github.com/MusicMapIo/random-token-generator',
18 silly publish   devDependencies: { mocha: '^2.2.5', 'run-parallel': '^1.1.2' },
18 silly publish   readme: '# Generate Random Tokens\n\nGenerates both strong and weak crytographic tokens.  Provides a simple interface over the `crypto` module to get random character strings or random byte buffers.\n\n## Install\n\n```\n$ npm install --save random-token-generator\n```\n\n## Usage\n\n```javascript\nvar rtg = require(\'random-token-generator\');\n\n// The below options are also the defaults\nrtg.generateKey({\n\tlen: 16 // Generate 16 characters or bytes of data\n\tstring: true, // Output keys as a hex string\n\tstrong: false, // Use the crypographically secure randomBytes function\n\tretry: false // Retry once on error\n}, function(err, key) {\n\tconsole.log(err, key);\n\t/*\n\t\tOutput:\n\t\tnull, 18ec681b31ccb42c\n\t*/\n});\n```\n\n## Encodings\n\nThe `string` option can be an encoding for the `buffer.toString` method.  We do not support `base64`, `utf8` or `utf816le` because the length of the string cannot be verifibly determined due to multibyte character combinations. Supported encodings are:\n\n- `hex`\n- `ascii`\n',
18 silly publish   readmeFilename: 'README.md',
18 silly publish   gitHead: 'aed83b9873b3d0f1bfbb22c583c3e718cd2921f1',
18 silly publish   _id: 'random-token-generator@1.0.0',
18 silly publish   _shasum: 'e75c9cb5ef8a8d007cb57d99a87f8dbabfe57d42',
18 silly publish   _from: '.' }
19 silly mapToRegistry name random-token-generator
20 silly mapToRegistry using default registry
21 silly mapToRegistry registry https://registry.npmjs.org/
22 silly mapToRegistry uri https://registry.npmjs.org/random-token-generator
23 verbose publish registryBase https://registry.npmjs.org/
24 silly publish uploading /Users/wes/.npm/random-token-generator/1.0.0/package.tgz
25 verbose request uri https://registry.npmjs.org/random-token-generator
26 verbose request sending authorization for write operation
27 info attempt registry request try #1 at 09:55:22
28 verbose request using bearer token for auth
29 verbose request id 1fd68f35a47ae9a5
30 http request PUT https://registry.npmjs.org/random-token-generator
31 http 403 https://registry.npmjs.org/random-token-generator
32 verbose headers { 'content-type': 'application/json',
32 verbose headers   'cache-control': 'max-age=60',
32 verbose headers   'content-length': '95',
32 verbose headers   'accept-ranges': 'bytes',
32 verbose headers   date: 'Wed, 15 Jul 2015 14:55:23 GMT',
32 verbose headers   via: '1.1 varnish',
32 verbose headers   connection: 'keep-alive',
32 verbose headers   'x-served-by': 'cache-dfw1823-DFW',
32 verbose headers   'x-cache': 'MISS',
32 verbose headers   'x-cache-hits': '0',
32 verbose headers   'x-timer': 'S1436972122.514320,VS0,VE663' }
33 verbose request invalidating /Users/wes/.npm/registry.npmjs.org/random-token-generator on PUT
34 error publish Failed PUT 403
35 verbose stack Error: "You cannot publish over the previously published version 1.0.0." : random-token-generator
35 verbose stack     at CachingRegistryClient.<anonymous> (/usr/local/lib/node_modules/npm/node_modules/npm-registry-client/lib/request.js:254:14)
35 verbose stack     at Request._callback (/usr/local/lib/node_modules/npm/node_modules/npm-registry-client/lib/request.js:178:14)
35 verbose stack     at Request.self.callback (/usr/local/lib/node_modules/npm/node_modules/request/request.js:344:22)
35 verbose stack     at emitTwo (events.js:87:13)
35 verbose stack     at Request.emit (events.js:169:7)
35 verbose stack     at Request.<anonymous> (/usr/local/lib/node_modules/npm/node_modules/request/request.js:1239:14)
35 verbose stack     at emitOne (events.js:82:20)
35 verbose stack     at Request.emit (events.js:166:7)
35 verbose stack     at IncomingMessage.<anonymous> (/usr/local/lib/node_modules/npm/node_modules/request/request.js:1187:12)
35 verbose stack     at emitNone (events.js:72:20)
36 verbose statusCode 403
37 verbose pkgid random-token-generator
38 verbose cwd /Users/wes/Projects/MusicMap/modules/random-token-generator
39 error Darwin 14.3.0
40 error argv "/usr/local/bin/iojs" "/usr/local/bin/npm" "publish" "--force"
41 error node v1.6.2
42 error npm  v2.7.1
43 error code E403
44 error "You cannot publish over the previously published version 1.0.0." : random-token-generator
45 error If you need help, you may report this error at:
45 error     <https://github.com/npm/npm/issues>
46 verbose exit [ 1, true ]
